<?xml version="1.0" encoding="UTF-8"?>
<!-- Generated by org.testng.reporters.JUnitXMLReporter -->
<testsuite ignored="0" hostname="WIN106401" failures="0" tests="37" name="EmployeesRestAPITest" time="51.974" errors="0" timestamp="03 Aug 2019 12:37:11 GMT">
  <testcase classname="com.RestAssuredPro.test.TC001_Get_AllEmployeeData" name="checkContentType" time="0.149"/>
  <testcase classname="com.RestAssuredPro.test.TC001_Get_AllEmployeeData" name="checkCookies" time="0.009"/>
  <testcase classname="com.RestAssuredPro.test.TC001_Get_AllEmployeeData" name="checkResponseBody" time="3.4"/>
  <testcase classname="com.RestAssuredPro.test.TC001_Get_AllEmployeeData" name="checkResponseTime" time="0.005"/>
  <testcase classname="com.RestAssuredPro.test.TC001_Get_AllEmployeeData" name="checkStatusCode" time="0.008"/>
  <testcase classname="com.RestAssuredPro.test.TC001_Get_AllEmployeeData" name="checkStatusLine" time="0.104"/>
  <testcase classname="com.RestAssuredPro.test.TC001_Get_AllEmployeeData" name="checkserverType" time="0.007"/>
  <testcase classname="com.RestAssuredPro.test.TC001_Get_AllEmployeeData" name="ckeckContentEncoding" time="0.782"/>
  <testcase classname="com.RestAssuredPro.test.TC02_Get_SingleEmplReocord" name="checkContentLength" time="0.009"/>
  <testcase classname="com.RestAssuredPro.test.TC02_Get_SingleEmplReocord" name="checkContentType" time="0.0"/>
  <testcase classname="com.RestAssuredPro.test.TC02_Get_SingleEmplReocord" name="checkResponseBody" time="0.016"/>
  <testcase classname="com.RestAssuredPro.test.TC02_Get_SingleEmplReocord" name="checkResponseTime" time="0.015"/>
  <testcase classname="com.RestAssuredPro.test.TC02_Get_SingleEmplReocord" name="checkStatusCode" time="0.005"/>
  <testcase classname="com.RestAssuredPro.test.TC02_Get_SingleEmplReocord" name="checkStatusLine" time="0.006"/>
  <testcase classname="com.RestAssuredPro.test.TC02_Get_SingleEmplReocord" name="checkserverType" time="0.008"/>
  <testcase classname="com.RestAssuredPro.test.TC02_Get_SingleEmplReocord" name="ckeckContentEncoding" time="0.006"/>
  <testcase classname="com.RestAssuredPro.test.TC03_Post_CreateNewRecord" name="checkContentLength" time="0.005"/>
  <testcase classname="com.RestAssuredPro.test.TC03_Post_CreateNewRecord" name="checkContentType" time="0.0"/>
  <testcase classname="com.RestAssuredPro.test.TC03_Post_CreateNewRecord" name="checkResponseBody" time="0.0"/>
  <testcase classname="com.RestAssuredPro.test.TC03_Post_CreateNewRecord" name="checkResponseTime" time="0.0"/>
  <testcase classname="com.RestAssuredPro.test.TC03_Post_CreateNewRecord" name="checkStatusCode" time="0.0"/>
  <testcase classname="com.RestAssuredPro.test.TC03_Post_CreateNewRecord" name="checkStatusLine" time="0.004"/>
  <testcase classname="com.RestAssuredPro.test.TC03_Post_CreateNewRecord" name="checkserverType" time="0.706"/>
  <testcase classname="com.RestAssuredPro.test.TC04_Put_UpdateEmployeeRecord" name="checkContentLength" time="0.042"/>
  <testcase classname="com.RestAssuredPro.test.TC04_Put_UpdateEmployeeRecord" name="checkContentType" time="0.062"/>
  <testcase classname="com.RestAssuredPro.test.TC04_Put_UpdateEmployeeRecord" name="checkResponseBody" time="0.129"/>
  <testcase classname="com.RestAssuredPro.test.TC04_Put_UpdateEmployeeRecord" name="checkResponseTime" time="1.255"/>
  <testcase classname="com.RestAssuredPro.test.TC04_Put_UpdateEmployeeRecord" name="checkStatusCode" time="0.028"/>
  <testcase classname="com.RestAssuredPro.test.TC04_Put_UpdateEmployeeRecord" name="checkStatusLine" time="0.016"/>
  <testcase classname="com.RestAssuredPro.test.TC04_Put_UpdateEmployeeRecord" name="checkserverType" time="0.004"/>
  <testcase classname="com.RestAssuredPro.test.TC05_Delete_EmployeeRecord" name="checkContentLength" time="0.015"/>
  <testcase classname="com.RestAssuredPro.test.TC05_Delete_EmployeeRecord" name="checkContentType" time="0.007"/>
  <testcase classname="com.RestAssuredPro.test.TC05_Delete_EmployeeRecord" name="checkResponseBody" time="0.006"/>
  <testcase classname="com.RestAssuredPro.test.TC05_Delete_EmployeeRecord" name="checkResponseTime" time="0.009"/>
  <testcase classname="com.RestAssuredPro.test.TC05_Delete_EmployeeRecord" name="checkStatusCode" time="0.006"/>
  <testcase classname="com.RestAssuredPro.test.TC05_Delete_EmployeeRecord" name="checkStatusLine" time="0.01"/>
  <testcase classname="com.RestAssuredPro.test.TC05_Delete_EmployeeRecord" name="checkserverType" time="0.0"/>
</testsuite> <!-- EmployeesRestAPITest -->
