<?xml version="1.0" encoding="UTF-8"?>
<!-- Generated by org.testng.reporters.JUnitXMLReporter -->
<testsuite ignored="0" hostname="WIN106401" failures="0" tests="7" name="Default test" time="14.383" errors="0" timestamp="03 Aug 2019 12:21:05 GMT">
  <testcase classname="com.RestAssuredPro.test.TC05_Delete_EmployeeRecord" name="checkContentLength" time="0.165"/>
  <testcase classname="com.RestAssuredPro.test.TC05_Delete_EmployeeRecord" name="checkContentType" time="0.007"/>
  <testcase classname="com.RestAssuredPro.test.TC05_Delete_EmployeeRecord" name="checkResponseBody" time="0.007"/>
  <testcase classname="com.RestAssuredPro.test.TC05_Delete_EmployeeRecord" name="checkResponseTime" time="0.008"/>
  <testcase classname="com.RestAssuredPro.test.TC05_Delete_EmployeeRecord" name="checkStatusCode" time="0.016"/>
  <testcase classname="com.RestAssuredPro.test.TC05_Delete_EmployeeRecord" name="checkStatusLine" time="0.0"/>
  <testcase classname="com.RestAssuredPro.test.TC05_Delete_EmployeeRecord" name="checkserverType" time="0.006"/>
</testsuite> <!-- Default test -->
